<?xml version="1.0" encoding="UTF-8"?>
<testng-results ignored="0" total="1" passed="1" failed="0" skipped="0">
  <reporter-output>
  </reporter-output>
  <suite started-at="2024-04-01T14:41:09 IST" name="Default suite" finished-at="2024-04-01T14:41:48 IST" duration-ms="38660">
    <groups>
    </groups>
    <test started-at="2024-04-01T14:41:09 IST" name="Default test" finished-at="2024-04-01T14:41:48 IST" duration-ms="38660">
      <class name="Githubp.Gitc">
        <test-method signature="gettext()[pri:0, instance:Githubp.Gitc@20ce78ec]" started-at="2024-04-01T14:41:09 IST" name="gettext" finished-at="2024-04-01T14:41:48 IST" duration-ms="38598" status="PASS">
          <reporter-output>
          </reporter-output>
        </test-method> <!-- gettext -->
      </class> <!-- Githubp.Gitc -->
    </test> <!-- Default test -->
  </suite> <!-- Default suite -->
</testng-results>
